     1                                  ; Write a program in assembly language which computes one of the following arithmetic expressions, considering the following domains for the variables: 
     2                                  ; a-(7+x)/(b*b-c/d+2) - unsigned representation
     3                                  ; a-doubleword; b,c,d-byte; x-qword
     4                                  bits 32 ;assembling for the 32 bits architecture
     5                                  ; the start label will be the entry point in the program
     6                                  global  start 
     7                                  
     8                                  extern  exit ; we inform the assembler that the exit symbol is foreign, i.e. it exists even if we won't be defining it
     9                                  
    10                                  import  exit msvcrt.dll; exit is a function that ends the process, it is defined in msvcrt.dll
    11                                          ; msvcrt.dll contains exit, printf and all the other important C-runtime functions
    12                                  segment  data use32 class=data ; the data segment where the variables are declared 
    13 00000000 64000000                	a dd 100
    14 00000004 02                      	b db 2
    15 00000005 32                      	c db 50
    16 00000006 14                      	d db 20
    17 00000007 0500000000000000            x dq 5
    18 0000000F 0000                        i dw 0
    19                                  	
    20                                  segment  code use32 class=code ; code segment
    21                                  start: 
    22 00000000 A1[07000000]            	mov eax, [x]
    23 00000005 8B15[0B000000]              mov edx, [x + 4] ; edx:eax = x
    24 0000000B BB07000000                  mov ebx, 7
    25 00000010 B900000000                  mov ecx, 0
    26                                      
    27 00000015 01D8                        add eax, ebx
    28 00000017 11CA                        adc edx, ecx ; edx:eax = x + 7
    29                                      
    30 00000019 52                          push edx
    31 0000001A 50                          push eax
    32                                      
    33 0000001B B800000000                  mov eax, 0
    34 00000020 BA00000000                  mov edx, 0
    35 00000025 A0[04000000]                mov al, [b]
    36 0000002A F625[04000000]              mul byte [b]
    37 00000030 6689C3                      mov bx, ax ; bx = b * b
    38                                      
    39 00000033 A0[05000000]                mov al, [c]
    40 00000038 B400                        mov ah, 0
    41 0000003A 8A15[06000000]              mov dl, [d]
    42 00000040 F6F2                        div dl ; al = c/d
    43 00000042 B400                        mov ah, 0
    44                                      
    45 00000044 6629C3                      sub bx, ax
    46 00000047 6683C302                    add bx, 2 ; bx = b * b - c/d + 2
    47                                      
    48 0000004B 66FF35[0F000000]            push word [i]
    49 00000052 6653                        push bx
    50 00000054 5B                          pop ebx
    51                                      
    52 00000055 58                          pop eax
    53 00000056 5A                          pop edx
    54 00000057 F7F3                        div ebx ; eax = (x + 7) /  (b * b - c/d + 2)
    55                                      
    56 00000059 8B1D[00000000]              mov ebx, [a]
    57 0000005F 29C3                        sub ebx, eax ; ebx = a-(7+x)/(b*b-c/d+2) 
    58                                  	
    59 00000061 6A00                    	push   dword 0 ;saves on stack the parameter of the function exit
    60 00000063 FF15[00000000]          	call   [exit] ; function exit is called in order to end the execution of
