     1                                  bits 32 ; assembling for the 32 bits architecture
     2                                  
     3                                  ; declare the EntryPoint (a label defining the very first instruction of the program)
     4                                  global start        
     5                                  
     6                                  ; declare external functions needed by our program
     7                                  extern exit               ; tell nasm that exit exists even if we won't be defining it
     8                                  import exit msvcrt.dll    ; exit is a function that ends the calling process. It is defined in msvcrt.dll
     9                                                            ; msvcrt.dll contains exit, printf and all the other important C-runtime specific functions
    10                                  
    11                                  ; our data is declared here (the variables needed by our program)
    12                                  segment data use32 class=data
    13 00000000 01                          a db 1
    14 00000001 00                          x db 0
    15                                  
    16                                  ; our code starts here
    17                                  segment code use32 class=code
    18                                      start:
    19                                          ;xor eax, eax
    20 00000000 66BA0000                        mov dx, 0 
    21 00000004 66B80001                        mov ax, 256
    22 00000008 66F735[00000000]                div word [a]
    23                                          
    24 0000000F 66A3[01000000]                  mov [x], ax
    25                                      
    26                                          ; exit(0)
    27 00000015 6A00                            push    dword 0      ; push the parameter for exit onto the stack
    28 00000017 FF15[00000000]                  call    [exit]       ; call exit to terminate the program
