     1                                  bits 32 ; assembling for the 32 bits architecture
     2                                  
     3                                  ; declare the EntryPoint (a label defining the very first instruction of the program)
     4                                  global start        
     5                                  
     6                                  ; declare external functions needed by our program
     7                                  extern exit               ; tell nasm that exit exists even if we won't be defining it
     8                                  import exit msvcrt.dll    ; exit is a function that ends the calling process. It is defined in msvcrt.dll
     9                                                            ; msvcrt.dll contains exit, printf and all the other important C-runtime specific functions
    10                                  
    11                                  ; our data is declared here (the variables needed by our program)
    12                                  segment data use32 class=data
    13                                      ; ...
    14 00000000 0A00                        a dw 10
    15 00000002 0700                        b dw 7
    16                                      
    17                                  ; our code starts here
    18                                  segment code use32 class=code
    19                                      start:
    20                                          ; ...
    21 00000000 B800000000                      mov eax, 0
    22 00000005 BB00000000                      mov ebx, 0
    23                                          
    24 0000000A 66A1[00000000]                  mov ax, [a]
    25 00000010 668B1D[02000000]                mov bx, [b]
    26                                          
    27 00000017 66F7E3                          mul bx
    28                                          ; exit(0)
    29 0000001A 6A00                            push    dword 0      ; push the parameter for exit onto the stack
    30 0000001C FF15[00000000]                  call    [exit]       ; call exit to terminate the program
